# Logfile created on 2014-12-24 11:43:10 -0800 by logger.rb/44203
I, [2014-12-24T11:43:10.571162 #2432]  INFO -- : 0:  blankslate (2.1.2.4) from /Users/jkerr/.rvm/gems/ruby-2.1.0/specifications/blankslate-2.1.2.4.gemspec
I, [2014-12-24T11:43:10.571541 #2432]  INFO -- : 0:  hitimes (1.2.2) from /Users/jkerr/.rvm/gems/ruby-2.1.0/specifications/hitimes-1.2.2.gemspec
I, [2014-12-24T11:43:10.571799 #2432]  INFO -- : 0:  timers (4.0.1) from /Users/jkerr/.rvm/gems/ruby-2.1.0/specifications/timers-4.0.1.gemspec
I, [2014-12-24T11:43:10.572090 #2432]  INFO -- : 0:  celluloid (0.16.0) from /Users/jkerr/.rvm/gems/ruby-2.1.0/specifications/celluloid-0.16.0.gemspec
I, [2014-12-24T11:43:10.572365 #2432]  INFO -- : 0:  fast-stemmer (1.0.2) from /Users/jkerr/.rvm/gems/ruby-2.1.0/specifications/fast-stemmer-1.0.2.gemspec
I, [2014-12-24T11:43:11.045456 #2432]  INFO -- : 0:  classifier-reborn (2.0.3) from /Users/jkerr/.rvm/gems/ruby-2.1.0/specifications/classifier-reborn-2.0.3.gemspec
I, [2014-12-24T11:43:11.045866 #2432]  INFO -- : 0:  coderay (1.1.0) from /Users/jkerr/.rvm/gems/ruby-2.1.0/specifications/coderay-1.1.0.gemspec
I, [2014-12-24T11:43:11.046211 #2432]  INFO -- : 0:  coffee-script-source (1.8.0) from /Users/jkerr/.rvm/gems/ruby-2.1.0/specifications/coffee-script-source-1.8.0.gemspec
I, [2014-12-24T11:43:11.046641 #2432]  INFO -- : 0:  execjs (2.2.2) from /Users/jkerr/.rvm/gems/ruby-2.1.0/specifications/execjs-2.2.2.gemspec
I, [2014-12-24T11:43:11.046963 #2432]  INFO -- : 0:  coffee-script (2.3.0) from /Users/jkerr/.rvm/gems/ruby-2.1.0/specifications/coffee-script-2.3.0.gemspec
I, [2014-12-24T11:43:11.047304 #2432]  INFO -- : 0:  colorator (0.1) from /Users/jkerr/.rvm/gems/ruby-2.1.0/specifications/colorator-0.1.gemspec
I, [2014-12-24T11:43:21.440046 #2432]  INFO -- : 0:  eventmachine (1.0.4) from /Users/jkerr/.rvm/gems/ruby-2.1.0/specifications/eventmachine-1.0.4.gemspec
I, [2014-12-24T11:43:21.440508 #2432]  INFO -- : 0:  http_parser.rb (0.6.0) from /Users/jkerr/.rvm/gems/ruby-2.1.0/specifications/http_parser.rb-0.6.0.gemspec
I, [2014-12-24T11:43:21.440851 #2432]  INFO -- : 0:  em-websocket (0.5.1) from /Users/jkerr/.rvm/gems/ruby-2.1.0/specifications/em-websocket-0.5.1.gemspec
I, [2014-12-24T11:43:21.441311 #2432]  INFO -- : 0:  ffi (1.9.6) from /Users/jkerr/.rvm/gems/ruby-2.1.0/specifications/ffi-1.9.6.gemspec
I, [2014-12-24T11:43:21.441604 #2432]  INFO -- : 0:  formatador (0.2.5) from /Users/jkerr/.rvm/gems/ruby-2.1.0/specifications/formatador-0.2.5.gemspec
I, [2014-12-24T11:43:21.441927 #2432]  INFO -- : 0:  rb-fsevent (0.9.4) from /Users/jkerr/.rvm/gems/ruby-2.1.0/specifications/rb-fsevent-0.9.4.gemspec
I, [2014-12-24T11:43:21.442256 #2432]  INFO -- : 0:  rb-inotify (0.9.5) from /Users/jkerr/.rvm/gems/ruby-2.1.0/specifications/rb-inotify-0.9.5.gemspec
I, [2014-12-24T11:43:21.950752 #2432]  INFO -- : 0:  listen (2.8.4) from /Users/jkerr/.rvm/gems/ruby-2.1.0/specifications/listen-2.8.4.gemspec
I, [2014-12-24T11:43:21.951142 #2432]  INFO -- : 0:  lumberjack (1.0.9) from /Users/jkerr/.rvm/gems/ruby-2.1.0/specifications/lumberjack-1.0.9.gemspec
I, [2014-12-24T11:43:22.445289 #2432]  INFO -- : 0:  nenv (0.1.1) from /Users/jkerr/.rvm/gems/ruby-2.1.0/specifications/nenv-0.1.1.gemspec
I, [2014-12-24T11:43:22.445853 #2432]  INFO -- : 0:  method_source (0.8.2) from /Users/jkerr/.rvm/gems/ruby-2.1.0/specifications/method_source-0.8.2.gemspec
I, [2014-12-24T11:43:23.362165 #2432]  INFO -- : 0:  slop (3.6.0) from /Users/jkerr/.rvm/gems/ruby-2.1.0/specifications/slop-3.6.0.gemspec
I, [2014-12-24T11:43:23.888349 #2432]  INFO -- : 0:  pry (0.10.1) from /Users/jkerr/.rvm/gems/ruby-2.1.0/specifications/pry-0.10.1.gemspec
I, [2014-12-24T11:43:23.888896 #2432]  INFO -- : 0:  thor (0.19.1) from /Users/jkerr/.rvm/gems/ruby-2.1.0/specifications/thor-0.19.1.gemspec
I, [2014-12-24T11:43:24.429478 #2432]  INFO -- : 0:  guard (2.10.5) from /Users/jkerr/.rvm/gems/ruby-2.1.0/specifications/guard-2.10.5.gemspec
I, [2014-12-24T11:43:24.859243 #2432]  INFO -- : 0:  jekyll-coffeescript (1.0.1) from /Users/jkerr/.rvm/gems/ruby-2.1.0/specifications/jekyll-coffeescript-1.0.1.gemspec
I, [2014-12-24T11:43:24.859648 #2432]  INFO -- : 0:  jekyll-gist (1.1.0) from /Users/jkerr/.rvm/gems/ruby-2.1.0/specifications/jekyll-gist-1.1.0.gemspec
I, [2014-12-24T11:43:24.859982 #2432]  INFO -- : 0:  jekyll-paginate (1.1.0) from /Users/jkerr/.rvm/gems/ruby-2.1.0/specifications/jekyll-paginate-1.1.0.gemspec
I, [2014-12-24T11:43:25.595442 #2432]  INFO -- : 0:  sass (3.4.9) from /Users/jkerr/.rvm/gems/ruby-2.1.0/specifications/sass-3.4.9.gemspec
I, [2014-12-24T11:43:25.962700 #2432]  INFO -- : 0:  jekyll-sass-converter (1.3.0) from /Users/jkerr/.rvm/gems/ruby-2.1.0/specifications/jekyll-sass-converter-1.3.0.gemspec
I, [2014-12-24T11:43:26.338629 #2432]  INFO -- : 0:  jekyll-watch (1.2.0) from /Users/jkerr/.rvm/gems/ruby-2.1.0/specifications/jekyll-watch-1.2.0.gemspec
I, [2014-12-24T11:43:27.222520 #2432]  INFO -- : 0:  kramdown (1.5.0) from /Users/jkerr/.rvm/gems/ruby-2.1.0/specifications/kramdown-1.5.0.gemspec
I, [2014-12-24T11:43:27.222876 #2432]  INFO -- : 0:  liquid (2.6.1) from /Users/jkerr/.rvm/gems/ruby-2.1.0/specifications/liquid-2.6.1.gemspec
I, [2014-12-24T11:43:27.658548 #2432]  INFO -- : 0:  mercenary (0.3.5) from /Users/jkerr/.rvm/gems/ruby-2.1.0/specifications/mercenary-0.3.5.gemspec
I, [2014-12-24T11:43:27.658931 #2432]  INFO -- : 0:  posix-spawn (0.3.9) from /Users/jkerr/.rvm/gems/ruby-2.1.0/specifications/posix-spawn-0.3.9.gemspec
I, [2014-12-24T11:43:27.659215 #2432]  INFO -- : 0:  yajl-ruby (1.1.0) from /Users/jkerr/.rvm/gems/ruby-2.1.0/specifications/yajl-ruby-1.1.0.gemspec
I, [2014-12-24T11:43:27.659492 #2432]  INFO -- : 0:  pygments.rb (0.6.0) from /Users/jkerr/.rvm/gems/ruby-2.1.0/specifications/pygments.rb-0.6.0.gemspec
I, [2014-12-24T11:43:29.859831 #2432]  INFO -- : 0:  redcarpet (3.2.2) from /Users/jkerr/.rvm/gems/ruby-2.1.0/specifications/redcarpet-3.2.2.gemspec
I, [2014-12-24T11:43:29.860699 #2432]  INFO -- : 0:  safe_yaml (1.0.4) from /Users/jkerr/.rvm/gems/ruby-2.1.0/specifications/safe_yaml-1.0.4.gemspec
I, [2014-12-24T11:43:29.861248 #2432]  INFO -- : 0:  parslet (1.5.0) from /Users/jkerr/.rvm/gems/ruby-2.1.0/specifications/parslet-1.5.0.gemspec
I, [2014-12-24T11:43:29.861686 #2432]  INFO -- : 0:  toml (0.1.2) from /Users/jkerr/.rvm/gems/ruby-2.1.0/specifications/toml-0.1.2.gemspec
I, [2014-12-24T11:43:30.371484 #2432]  INFO -- : 0:  jekyll (2.5.3) from /Users/jkerr/.rvm/gems/ruby-2.1.0/specifications/jekyll-2.5.3.gemspec
I, [2014-12-24T11:43:30.868395 #2432]  INFO -- : 0:  guard-jekyll-plus (2.0.0) from /Users/jkerr/.rvm/gems/ruby-2.1.0/specifications/guard-jekyll-plus-2.0.0.gemspec
I, [2014-12-24T11:43:30.868835 #2432]  INFO -- : 0:  multi_json (1.10.1) from /Users/jkerr/.rvm/gems/ruby-2.1.0/specifications/multi_json-1.10.1.gemspec
I, [2014-12-24T11:43:31.660886 #2432]  INFO -- : 0:  guard-livereload (2.4.0) from /Users/jkerr/.rvm/gems/ruby-2.1.0/specifications/guard-livereload-2.4.0.gemspec
I, [2014-12-24T11:43:31.661313 #2432]  INFO -- : 0:  bundler (1.5.1) from /Users/jkerr/.rvm/gems/ruby-2.1.0@global/specifications/bundler-1.5.1.gemspec
I, [2014-12-24T11:48:52.385511 #2910]  INFO -- : 0:  blankslate (2.1.2.4) from /Users/jkerr/.rvm/gems/ruby-2.1.0/specifications/blankslate-2.1.2.4.gemspec
I, [2014-12-24T11:48:52.385846 #2910]  INFO -- : 0:  hitimes (1.2.2) from /Users/jkerr/.rvm/gems/ruby-2.1.0/specifications/hitimes-1.2.2.gemspec
I, [2014-12-24T11:48:52.386121 #2910]  INFO -- : 0:  timers (4.0.1) from /Users/jkerr/.rvm/gems/ruby-2.1.0/specifications/timers-4.0.1.gemspec
I, [2014-12-24T11:48:52.386480 #2910]  INFO -- : 0:  celluloid (0.16.0) from /Users/jkerr/.rvm/gems/ruby-2.1.0/specifications/celluloid-0.16.0.gemspec
I, [2014-12-24T11:48:52.386832 #2910]  INFO -- : 0:  chunky_png (1.3.3) from /Users/jkerr/.rvm/gems/ruby-2.1.0/specifications/chunky_png-1.3.3.gemspec
I, [2014-12-24T11:48:52.387397 #2910]  INFO -- : 0:  fast-stemmer (1.0.2) from /Users/jkerr/.rvm/gems/ruby-2.1.0/specifications/fast-stemmer-1.0.2.gemspec
I, [2014-12-24T11:48:52.387710 #2910]  INFO -- : 0:  classifier-reborn (2.0.3) from /Users/jkerr/.rvm/gems/ruby-2.1.0/specifications/classifier-reborn-2.0.3.gemspec
I, [2014-12-24T11:48:52.388327 #2910]  INFO -- : 0:  coderay (1.1.0) from /Users/jkerr/.rvm/gems/ruby-2.1.0/specifications/coderay-1.1.0.gemspec
I, [2014-12-24T11:48:52.389218 #2910]  INFO -- : 0:  coffee-script-source (1.8.0) from /Users/jkerr/.rvm/gems/ruby-2.1.0/specifications/coffee-script-source-1.8.0.gemspec
I, [2014-12-24T11:48:52.389513 #2910]  INFO -- : 0:  execjs (2.2.2) from /Users/jkerr/.rvm/gems/ruby-2.1.0/specifications/execjs-2.2.2.gemspec
I, [2014-12-24T11:48:52.389837 #2910]  INFO -- : 0:  coffee-script (2.3.0) from /Users/jkerr/.rvm/gems/ruby-2.1.0/specifications/coffee-script-2.3.0.gemspec
I, [2014-12-24T11:48:52.390158 #2910]  INFO -- : 0:  colorator (0.1) from /Users/jkerr/.rvm/gems/ruby-2.1.0/specifications/colorator-0.1.gemspec
I, [2014-12-24T11:48:52.390457 #2910]  INFO -- : 0:  multi_json (1.10.1) from /Users/jkerr/.rvm/gems/ruby-2.1.0/specifications/multi_json-1.10.1.gemspec
I, [2014-12-24T11:48:52.390915 #2910]  INFO -- : 0:  sass (3.4.9) from /Users/jkerr/.rvm/gems/ruby-2.1.0/specifications/sass-3.4.9.gemspec
I, [2014-12-24T11:48:52.391661 #2910]  INFO -- : 0:  compass-core (1.0.1) from /Users/jkerr/.rvm/gems/ruby-2.1.0/specifications/compass-core-1.0.1.gemspec
I, [2014-12-24T11:48:52.392017 #2910]  INFO -- : 0:  compass-import-once (1.0.5) from /Users/jkerr/.rvm/gems/ruby-2.1.0/specifications/compass-import-once-1.0.5.gemspec
I, [2014-12-24T11:48:52.392310 #2910]  INFO -- : 0:  rb-fsevent (0.9.4) from /Users/jkerr/.rvm/gems/ruby-2.1.0/specifications/rb-fsevent-0.9.4.gemspec
I, [2014-12-24T11:48:52.392551 #2910]  INFO -- : 0:  ffi (1.9.6) from /Users/jkerr/.rvm/gems/ruby-2.1.0/specifications/ffi-1.9.6.gemspec
I, [2014-12-24T11:48:52.392843 #2910]  INFO -- : 0:  rb-inotify (0.9.5) from /Users/jkerr/.rvm/gems/ruby-2.1.0/specifications/rb-inotify-0.9.5.gemspec
I, [2014-12-24T11:48:52.393114 #2910]  INFO -- : 0:  compass (1.0.1) from /Users/jkerr/.rvm/gems/ruby-2.1.0/specifications/compass-1.0.1.gemspec
I, [2014-12-24T11:48:52.393352 #2910]  INFO -- : 0:  eventmachine (1.0.4) from /Users/jkerr/.rvm/gems/ruby-2.1.0/specifications/eventmachine-1.0.4.gemspec
I, [2014-12-24T11:48:52.393612 #2910]  INFO -- : 0:  http_parser.rb (0.6.0) from /Users/jkerr/.rvm/gems/ruby-2.1.0/specifications/http_parser.rb-0.6.0.gemspec
I, [2014-12-24T11:48:52.393943 #2910]  INFO -- : 0:  em-websocket (0.5.1) from /Users/jkerr/.rvm/gems/ruby-2.1.0/specifications/em-websocket-0.5.1.gemspec
I, [2014-12-24T11:48:52.394186 #2910]  INFO -- : 0:  formatador (0.2.5) from /Users/jkerr/.rvm/gems/ruby-2.1.0/specifications/formatador-0.2.5.gemspec
I, [2014-12-24T11:48:52.394560 #2910]  INFO -- : 0:  listen (2.8.4) from /Users/jkerr/.rvm/gems/ruby-2.1.0/specifications/listen-2.8.4.gemspec
I, [2014-12-24T11:48:52.394895 #2910]  INFO -- : 0:  lumberjack (1.0.9) from /Users/jkerr/.rvm/gems/ruby-2.1.0/specifications/lumberjack-1.0.9.gemspec
I, [2014-12-24T11:48:52.395228 #2910]  INFO -- : 0:  nenv (0.1.1) from /Users/jkerr/.rvm/gems/ruby-2.1.0/specifications/nenv-0.1.1.gemspec
I, [2014-12-24T11:48:52.395564 #2910]  INFO -- : 0:  method_source (0.8.2) from /Users/jkerr/.rvm/gems/ruby-2.1.0/specifications/method_source-0.8.2.gemspec
I, [2014-12-24T11:48:52.395936 #2910]  INFO -- : 0:  slop (3.6.0) from /Users/jkerr/.rvm/gems/ruby-2.1.0/specifications/slop-3.6.0.gemspec
I, [2014-12-24T11:48:52.397227 #2910]  INFO -- : 0:  pry (0.10.1) from /Users/jkerr/.rvm/gems/ruby-2.1.0/specifications/pry-0.10.1.gemspec
I, [2014-12-24T11:48:52.398005 #2910]  INFO -- : 0:  thor (0.19.1) from /Users/jkerr/.rvm/gems/ruby-2.1.0/specifications/thor-0.19.1.gemspec
I, [2014-12-24T11:48:52.398491 #2910]  INFO -- : 0:  guard (2.10.5) from /Users/jkerr/.rvm/gems/ruby-2.1.0/specifications/guard-2.10.5.gemspec
I, [2014-12-24T11:48:52.927610 #2910]  INFO -- : 0:  guard-compass (1.1.0) from /Users/jkerr/.rvm/gems/ruby-2.1.0/specifications/guard-compass-1.1.0.gemspec
I, [2014-12-24T11:48:52.928002 #2910]  INFO -- : 0:  jekyll-coffeescript (1.0.1) from /Users/jkerr/.rvm/gems/ruby-2.1.0/specifications/jekyll-coffeescript-1.0.1.gemspec
I, [2014-12-24T11:48:52.928276 #2910]  INFO -- : 0:  jekyll-gist (1.1.0) from /Users/jkerr/.rvm/gems/ruby-2.1.0/specifications/jekyll-gist-1.1.0.gemspec
I, [2014-12-24T11:48:52.928549 #2910]  INFO -- : 0:  jekyll-paginate (1.1.0) from /Users/jkerr/.rvm/gems/ruby-2.1.0/specifications/jekyll-paginate-1.1.0.gemspec
I, [2014-12-24T11:48:52.928816 #2910]  INFO -- : 0:  jekyll-sass-converter (1.3.0) from /Users/jkerr/.rvm/gems/ruby-2.1.0/specifications/jekyll-sass-converter-1.3.0.gemspec
I, [2014-12-24T11:48:52.929095 #2910]  INFO -- : 0:  jekyll-watch (1.2.0) from /Users/jkerr/.rvm/gems/ruby-2.1.0/specifications/jekyll-watch-1.2.0.gemspec
I, [2014-12-24T11:48:52.929363 #2910]  INFO -- : 0:  kramdown (1.5.0) from /Users/jkerr/.rvm/gems/ruby-2.1.0/specifications/kramdown-1.5.0.gemspec
I, [2014-12-24T11:48:52.929630 #2910]  INFO -- : 0:  liquid (2.6.1) from /Users/jkerr/.rvm/gems/ruby-2.1.0/specifications/liquid-2.6.1.gemspec
I, [2014-12-24T11:48:52.929918 #2910]  INFO -- : 0:  mercenary (0.3.5) from /Users/jkerr/.rvm/gems/ruby-2.1.0/specifications/mercenary-0.3.5.gemspec
I, [2014-12-24T11:48:52.930201 #2910]  INFO -- : 0:  posix-spawn (0.3.9) from /Users/jkerr/.rvm/gems/ruby-2.1.0/specifications/posix-spawn-0.3.9.gemspec
I, [2014-12-24T11:48:52.930486 #2910]  INFO -- : 0:  yajl-ruby (1.1.0) from /Users/jkerr/.rvm/gems/ruby-2.1.0/specifications/yajl-ruby-1.1.0.gemspec
I, [2014-12-24T11:48:52.930750 #2910]  INFO -- : 0:  pygments.rb (0.6.0) from /Users/jkerr/.rvm/gems/ruby-2.1.0/specifications/pygments.rb-0.6.0.gemspec
I, [2014-12-24T11:48:52.931038 #2910]  INFO -- : 0:  redcarpet (3.2.2) from /Users/jkerr/.rvm/gems/ruby-2.1.0/specifications/redcarpet-3.2.2.gemspec
I, [2014-12-24T11:48:52.931491 #2910]  INFO -- : 0:  safe_yaml (1.0.4) from /Users/jkerr/.rvm/gems/ruby-2.1.0/specifications/safe_yaml-1.0.4.gemspec
I, [2014-12-24T11:48:52.931797 #2910]  INFO -- : 0:  parslet (1.5.0) from /Users/jkerr/.rvm/gems/ruby-2.1.0/specifications/parslet-1.5.0.gemspec
I, [2014-12-24T11:48:52.932082 #2910]  INFO -- : 0:  toml (0.1.2) from /Users/jkerr/.rvm/gems/ruby-2.1.0/specifications/toml-0.1.2.gemspec
I, [2014-12-24T11:48:52.932365 #2910]  INFO -- : 0:  jekyll (2.5.3) from /Users/jkerr/.rvm/gems/ruby-2.1.0/specifications/jekyll-2.5.3.gemspec
I, [2014-12-24T11:48:52.932736 #2910]  INFO -- : 0:  guard-jekyll-plus (2.0.0) from /Users/jkerr/.rvm/gems/ruby-2.1.0/specifications/guard-jekyll-plus-2.0.0.gemspec
I, [2014-12-24T11:48:52.932992 #2910]  INFO -- : 0:  guard-livereload (2.4.0) from /Users/jkerr/.rvm/gems/ruby-2.1.0/specifications/guard-livereload-2.4.0.gemspec
I, [2014-12-24T11:48:52.933324 #2910]  INFO -- : 0:  bundler (1.5.1) from /Users/jkerr/.rvm/gems/ruby-2.1.0@global/specifications/bundler-1.5.1.gemspec
I, [2014-12-24T11:49:58.443816 #2936]  INFO -- : 0:  blankslate (2.1.2.4) from /Users/jkerr/.rvm/gems/ruby-2.1.0/specifications/blankslate-2.1.2.4.gemspec
I, [2014-12-24T11:49:58.444138 #2936]  INFO -- : 0:  hitimes (1.2.2) from /Users/jkerr/.rvm/gems/ruby-2.1.0/specifications/hitimes-1.2.2.gemspec
I, [2014-12-24T11:49:58.444372 #2936]  INFO -- : 0:  timers (4.0.1) from /Users/jkerr/.rvm/gems/ruby-2.1.0/specifications/timers-4.0.1.gemspec
I, [2014-12-24T11:49:58.444706 #2936]  INFO -- : 0:  celluloid (0.16.0) from /Users/jkerr/.rvm/gems/ruby-2.1.0/specifications/celluloid-0.16.0.gemspec
I, [2014-12-24T11:49:58.445049 #2936]  INFO -- : 0:  chunky_png (1.3.3) from /Users/jkerr/.rvm/gems/ruby-2.1.0/specifications/chunky_png-1.3.3.gemspec
I, [2014-12-24T11:49:58.445346 #2936]  INFO -- : 0:  fast-stemmer (1.0.2) from /Users/jkerr/.rvm/gems/ruby-2.1.0/specifications/fast-stemmer-1.0.2.gemspec
I, [2014-12-24T11:49:58.445623 #2936]  INFO -- : 0:  classifier-reborn (2.0.3) from /Users/jkerr/.rvm/gems/ruby-2.1.0/specifications/classifier-reborn-2.0.3.gemspec
I, [2014-12-24T11:49:58.445855 #2936]  INFO -- : 0:  coderay (1.1.0) from /Users/jkerr/.rvm/gems/ruby-2.1.0/specifications/coderay-1.1.0.gemspec
I, [2014-12-24T11:49:58.446079 #2936]  INFO -- : 0:  coffee-script-source (1.8.0) from /Users/jkerr/.rvm/gems/ruby-2.1.0/specifications/coffee-script-source-1.8.0.gemspec
I, [2014-12-24T11:49:58.446321 #2936]  INFO -- : 0:  execjs (2.2.2) from /Users/jkerr/.rvm/gems/ruby-2.1.0/specifications/execjs-2.2.2.gemspec
I, [2014-12-24T11:49:58.446549 #2936]  INFO -- : 0:  coffee-script (2.3.0) from /Users/jkerr/.rvm/gems/ruby-2.1.0/specifications/coffee-script-2.3.0.gemspec
I, [2014-12-24T11:49:58.446770 #2936]  INFO -- : 0:  colorator (0.1) from /Users/jkerr/.rvm/gems/ruby-2.1.0/specifications/colorator-0.1.gemspec
I, [2014-12-24T11:49:58.447109 #2936]  INFO -- : 0:  multi_json (1.10.1) from /Users/jkerr/.rvm/gems/ruby-2.1.0/specifications/multi_json-1.10.1.gemspec
I, [2014-12-24T11:49:58.447487 #2936]  INFO -- : 0:  sass (3.4.9) from /Users/jkerr/.rvm/gems/ruby-2.1.0/specifications/sass-3.4.9.gemspec
I, [2014-12-24T11:49:58.447844 #2936]  INFO -- : 0:  compass-core (1.0.1) from /Users/jkerr/.rvm/gems/ruby-2.1.0/specifications/compass-core-1.0.1.gemspec
I, [2014-12-24T11:49:58.448184 #2936]  INFO -- : 0:  compass-import-once (1.0.5) from /Users/jkerr/.rvm/gems/ruby-2.1.0/specifications/compass-import-once-1.0.5.gemspec
I, [2014-12-24T11:49:58.448490 #2936]  INFO -- : 0:  rb-fsevent (0.9.4) from /Users/jkerr/.rvm/gems/ruby-2.1.0/specifications/rb-fsevent-0.9.4.gemspec
I, [2014-12-24T11:49:58.448835 #2936]  INFO -- : 0:  ffi (1.9.6) from /Users/jkerr/.rvm/gems/ruby-2.1.0/specifications/ffi-1.9.6.gemspec
I, [2014-12-24T11:49:58.449184 #2936]  INFO -- : 0:  rb-inotify (0.9.5) from /Users/jkerr/.rvm/gems/ruby-2.1.0/specifications/rb-inotify-0.9.5.gemspec
I, [2014-12-24T11:49:58.449517 #2936]  INFO -- : 0:  compass (1.0.1) from /Users/jkerr/.rvm/gems/ruby-2.1.0/specifications/compass-1.0.1.gemspec
I, [2014-12-24T11:49:58.449863 #2936]  INFO -- : 0:  eventmachine (1.0.4) from /Users/jkerr/.rvm/gems/ruby-2.1.0/specifications/eventmachine-1.0.4.gemspec
I, [2014-12-24T11:49:58.450276 #2936]  INFO -- : 0:  http_parser.rb (0.6.0) from /Users/jkerr/.rvm/gems/ruby-2.1.0/specifications/http_parser.rb-0.6.0.gemspec
I, [2014-12-24T11:49:58.450572 #2936]  INFO -- : 0:  em-websocket (0.5.1) from /Users/jkerr/.rvm/gems/ruby-2.1.0/specifications/em-websocket-0.5.1.gemspec
I, [2014-12-24T11:49:58.450803 #2936]  INFO -- : 0:  formatador (0.2.5) from /Users/jkerr/.rvm/gems/ruby-2.1.0/specifications/formatador-0.2.5.gemspec
I, [2014-12-24T11:49:58.451040 #2936]  INFO -- : 0:  listen (2.8.4) from /Users/jkerr/.rvm/gems/ruby-2.1.0/specifications/listen-2.8.4.gemspec
I, [2014-12-24T11:49:58.451316 #2936]  INFO -- : 0:  lumberjack (1.0.9) from /Users/jkerr/.rvm/gems/ruby-2.1.0/specifications/lumberjack-1.0.9.gemspec
I, [2014-12-24T11:49:58.451622 #2936]  INFO -- : 0:  nenv (0.1.1) from /Users/jkerr/.rvm/gems/ruby-2.1.0/specifications/nenv-0.1.1.gemspec
I, [2014-12-24T11:49:58.451867 #2936]  INFO -- : 0:  method_source (0.8.2) from /Users/jkerr/.rvm/gems/ruby-2.1.0/specifications/method_source-0.8.2.gemspec
I, [2014-12-24T11:49:58.452080 #2936]  INFO -- : 0:  slop (3.6.0) from /Users/jkerr/.rvm/gems/ruby-2.1.0/specifications/slop-3.6.0.gemspec
I, [2014-12-24T11:49:58.452292 #2936]  INFO -- : 0:  pry (0.10.1) from /Users/jkerr/.rvm/gems/ruby-2.1.0/specifications/pry-0.10.1.gemspec
I, [2014-12-24T11:49:58.452500 #2936]  INFO -- : 0:  thor (0.19.1) from /Users/jkerr/.rvm/gems/ruby-2.1.0/specifications/thor-0.19.1.gemspec
I, [2014-12-24T11:49:58.452709 #2936]  INFO -- : 0:  guard (2.10.5) from /Users/jkerr/.rvm/gems/ruby-2.1.0/specifications/guard-2.10.5.gemspec
I, [2014-12-24T11:49:58.452921 #2936]  INFO -- : 0:  guard-compass (1.1.0) from /Users/jkerr/.rvm/gems/ruby-2.1.0/specifications/guard-compass-1.1.0.gemspec
I, [2014-12-24T11:49:58.453127 #2936]  INFO -- : 0:  jekyll-coffeescript (1.0.1) from /Users/jkerr/.rvm/gems/ruby-2.1.0/specifications/jekyll-coffeescript-1.0.1.gemspec
I, [2014-12-24T11:49:58.453317 #2936]  INFO -- : 0:  jekyll-gist (1.1.0) from /Users/jkerr/.rvm/gems/ruby-2.1.0/specifications/jekyll-gist-1.1.0.gemspec
I, [2014-12-24T11:49:58.453516 #2936]  INFO -- : 0:  jekyll-paginate (1.1.0) from /Users/jkerr/.rvm/gems/ruby-2.1.0/specifications/jekyll-paginate-1.1.0.gemspec
I, [2014-12-24T11:49:58.453720 #2936]  INFO -- : 0:  jekyll-sass-converter (1.3.0) from /Users/jkerr/.rvm/gems/ruby-2.1.0/specifications/jekyll-sass-converter-1.3.0.gemspec
I, [2014-12-24T11:49:58.453984 #2936]  INFO -- : 0:  jekyll-watch (1.2.0) from /Users/jkerr/.rvm/gems/ruby-2.1.0/specifications/jekyll-watch-1.2.0.gemspec
I, [2014-12-24T11:49:58.454378 #2936]  INFO -- : 0:  kramdown (1.5.0) from /Users/jkerr/.rvm/gems/ruby-2.1.0/specifications/kramdown-1.5.0.gemspec
I, [2014-12-24T11:49:58.454782 #2936]  INFO -- : 0:  liquid (2.6.1) from /Users/jkerr/.rvm/gems/ruby-2.1.0/specifications/liquid-2.6.1.gemspec
I, [2014-12-24T11:49:58.455148 #2936]  INFO -- : 0:  mercenary (0.3.5) from /Users/jkerr/.rvm/gems/ruby-2.1.0/specifications/mercenary-0.3.5.gemspec
I, [2014-12-24T11:49:58.455572 #2936]  INFO -- : 0:  posix-spawn (0.3.9) from /Users/jkerr/.rvm/gems/ruby-2.1.0/specifications/posix-spawn-0.3.9.gemspec
I, [2014-12-24T11:49:58.456060 #2936]  INFO -- : 0:  yajl-ruby (1.1.0) from /Users/jkerr/.rvm/gems/ruby-2.1.0/specifications/yajl-ruby-1.1.0.gemspec
I, [2014-12-24T11:49:58.456759 #2936]  INFO -- : 0:  pygments.rb (0.6.0) from /Users/jkerr/.rvm/gems/ruby-2.1.0/specifications/pygments.rb-0.6.0.gemspec
I, [2014-12-24T11:49:58.457105 #2936]  INFO -- : 0:  redcarpet (3.2.2) from /Users/jkerr/.rvm/gems/ruby-2.1.0/specifications/redcarpet-3.2.2.gemspec
I, [2014-12-24T11:49:58.457408 #2936]  INFO -- : 0:  safe_yaml (1.0.4) from /Users/jkerr/.rvm/gems/ruby-2.1.0/specifications/safe_yaml-1.0.4.gemspec
I, [2014-12-24T11:49:58.457708 #2936]  INFO -- : 0:  parslet (1.5.0) from /Users/jkerr/.rvm/gems/ruby-2.1.0/specifications/parslet-1.5.0.gemspec
I, [2014-12-24T11:49:58.458002 #2936]  INFO -- : 0:  toml (0.1.2) from /Users/jkerr/.rvm/gems/ruby-2.1.0/specifications/toml-0.1.2.gemspec
I, [2014-12-24T11:49:58.458303 #2936]  INFO -- : 0:  jekyll (2.5.3) from /Users/jkerr/.rvm/gems/ruby-2.1.0/specifications/jekyll-2.5.3.gemspec
I, [2014-12-24T11:49:58.458563 #2936]  INFO -- : 0:  guard-jekyll-plus (2.0.0) from /Users/jkerr/.rvm/gems/ruby-2.1.0/specifications/guard-jekyll-plus-2.0.0.gemspec
I, [2014-12-24T11:49:58.458881 #2936]  INFO -- : 0:  guard-livereload (2.4.0) from /Users/jkerr/.rvm/gems/ruby-2.1.0/specifications/guard-livereload-2.4.0.gemspec
I, [2014-12-24T11:49:58.459213 #2936]  INFO -- : 0:  susy (2.1.3) from /Users/jkerr/.rvm/gems/ruby-2.1.0/specifications/susy-2.1.3.gemspec
I, [2014-12-24T11:49:58.459515 #2936]  INFO -- : 0:  bundler (1.5.1) from /Users/jkerr/.rvm/gems/ruby-2.1.0@global/specifications/bundler-1.5.1.gemspec
